<?xml version="1.0" encoding="UTF-8"?>
<!-- Generated by org.testng.reporters.JUnitXMLReporter -->
<testsuite ignored="0" hostname="icanio10106" failures="1" tests="3" name="Test" time="145.526" errors="0" timestamp="2024-07-15T16:24:42 IST">
  <testcase classname="Tests.LoginTest" name="doLogIn" time="3.293"/>
  <testcase classname="Tests.StackTest" name="clickStack" time="1.765"/>
  <testcase classname="Tests.ContentTypeTest" name="contentDetails" time="139.756">
    <failure type="java.lang.AssertionError" message="expected [false] but found [save and proceed Button is not displayed]">
      <![CDATA[java.lang.AssertionError: expected [false] but found [save and proceed Button is not displayed]
at Pages.ContentType.clickSaveProceed(ContentType.java:160)
at Tests.ContentTypeTest.contentDetails(ContentTypeTest.java:18)
at java.base/java.util.ArrayList.forEach(ArrayList.java:1541)
... Removed 36 stack frames]]>
    </failure>
  </testcase> <!-- contentDetails -->
</testsuite> <!-- Test -->
