<?xml version="1.0" encoding="UTF-8"?>
<testng-results ignored="0" total="3" passed="2" failed="1" skipped="0">
  <reporter-output>
  </reporter-output>
  <suite started-at="2024-07-15T16:22:16 IST" name="Content Stack Test Cases" finished-at="2024-07-15T16:24:42 IST" duration-ms="145526">
    <groups>
    </groups>
    <test started-at="2024-07-15T16:22:16 IST" name="Test" finished-at="2024-07-15T16:24:42 IST" duration-ms="145526">
      <class name="Tests.ContentTypeTest">
        <test-method signature="contentDetails(java.lang.String,java.lang.String,java.lang.String)[pri:1, instance:Tests.ContentTypeTest@67d48005]" started-at="2024-07-15T16:22:22 IST" name="contentDetails" data-provider="contentTypeData" finished-at="2024-07-15T16:24:42 IST" duration-ms="139756" status="FAIL">
          <params>
            <param index="0">
              <value>
                <![CDATA[About us]]>
              </value>
            </param>
            <param index="1">
              <value>
                <![CDATA[1001]]>
              </value>
            </param>
            <param index="2">
              <value>
                <![CDATA[We prioritize our customers' needs and strive to provide exceptional service and support.]]>
              </value>
            </param>
          </params>
          <exception class="java.lang.AssertionError">
            <message>
              <![CDATA[expected [false] but found [save and proceed Button is not displayed]]]>
            </message>
            <full-stacktrace>
              <![CDATA[java.lang.AssertionError: expected [false] but found [save and proceed Button is not displayed]
at org.testng.Assert.fail(Assert.java:110)
at org.testng.Assert.failNotEquals(Assert.java:1413)
at org.testng.Assert.assertEqualsImpl(Assert.java:149)
at org.testng.Assert.assertEquals(Assert.java:131)
at org.testng.Assert.assertEquals(Assert.java:643)
at Pages.ContentType.clickSaveProceed(ContentType.java:160)
at Tests.ContentTypeTest.contentDetails(ContentTypeTest.java:18)
at java.base/jdk.internal.reflect.NativeMethodAccessorImpl.invoke0(Native Method)
at java.base/jdk.internal.reflect.NativeMethodAccessorImpl.invoke(NativeMethodAccessorImpl.java:62)
at java.base/jdk.internal.reflect.DelegatingMethodAccessorImpl.invoke(DelegatingMethodAccessorImpl.java:43)
at java.base/java.lang.reflect.Method.invoke(Method.java:566)
at org.testng.internal.invokers.MethodInvocationHelper.invokeMethod(MethodInvocationHelper.java:139)
at org.testng.internal.invokers.TestInvoker.invokeMethod(TestInvoker.java:677)
at org.testng.internal.invokers.TestInvoker.invokeTestMethod(TestInvoker.java:221)
at org.testng.internal.invokers.MethodRunner.runInSequence(MethodRunner.java:50)
at org.testng.internal.invokers.TestInvoker$MethodInvocationAgent.invoke(TestInvoker.java:969)
at org.testng.internal.invokers.TestInvoker.invokeTestMethods(TestInvoker.java:194)
at org.testng.internal.invokers.TestMethodWorker.invokeTestMethods(TestMethodWorker.java:148)
at org.testng.internal.invokers.TestMethodWorker.run(TestMethodWorker.java:128)
at java.base/java.util.ArrayList.forEach(ArrayList.java:1541)
at org.testng.TestRunner.privateRun(TestRunner.java:829)
at org.testng.TestRunner.run(TestRunner.java:602)
at org.testng.SuiteRunner.runTest(SuiteRunner.java:437)
at org.testng.SuiteRunner.runSequentially(SuiteRunner.java:431)
at org.testng.SuiteRunner.privateRun(SuiteRunner.java:391)
at org.testng.SuiteRunner.run(SuiteRunner.java:330)
at org.testng.SuiteRunnerWorker.runSuite(SuiteRunnerWorker.java:52)
at org.testng.SuiteRunnerWorker.run(SuiteRunnerWorker.java:95)
at org.testng.TestNG.runSuitesSequentially(TestNG.java:1256)
at org.testng.TestNG.runSuitesLocally(TestNG.java:1176)
at org.testng.TestNG.runSuites(TestNG.java:1099)
at org.testng.TestNG.run(TestNG.java:1067)
at org.apache.maven.surefire.testng.TestNGExecutor.run(TestNGExecutor.java:284)
at org.apache.maven.surefire.testng.TestNGXmlTestSuite.execute(TestNGXmlTestSuite.java:75)
at org.apache.maven.surefire.testng.TestNGProvider.invoke(TestNGProvider.java:119)
at org.apache.maven.surefire.booter.ForkedBooter.runSuitesInProcess(ForkedBooter.java:428)
at org.apache.maven.surefire.booter.ForkedBooter.execute(ForkedBooter.java:162)
at org.apache.maven.surefire.booter.ForkedBooter.run(ForkedBooter.java:562)
at org.apache.maven.surefire.booter.ForkedBooter.main(ForkedBooter.java:548)
]]>
            </full-stacktrace>
          </exception> <!-- java.lang.AssertionError -->
          <reporter-output>
          </reporter-output>
        </test-method> <!-- contentDetails -->
      </class> <!-- Tests.ContentTypeTest -->
      <class name="Tests.StackTest">
        <test-method signature="clickStack(java.lang.String,java.lang.String)[pri:1, instance:Tests.StackTest@294425a7]" started-at="2024-07-15T16:22:20 IST" name="clickStack" data-provider="StackData" finished-at="2024-07-15T16:22:22 IST" duration-ms="1765" status="PASS">
          <params>
            <param index="0">
              <value>
                <![CDATA[Icanio Demo Testing]]>
              </value>
            </param>
            <param index="1">
              <value>
                <![CDATA[In this project, we will develop an e-commerce website aimed at selling fashion apparel and accessories. The website will provide a user-friendly interface for customers to browse products, make purchases, and manage their accounts. Our goal is to create a robust, secure, and scalable platform that meets modern e-commerce standards.]]>
              </value>
            </param>
          </params>
          <reporter-output>
          </reporter-output>
        </test-method> <!-- clickStack -->
      </class> <!-- Tests.StackTest -->
      <class name="Tests.LoginTest">
        <test-method is-config="true" signature="initDriver()[pri:0, instance:Tests.LoginTest@6b927fb]" started-at="2024-07-15T16:22:12 IST" name="initDriver" finished-at="2024-07-15T16:22:16 IST" duration-ms="4093" status="PASS">
          <reporter-output>
          </reporter-output>
        </test-method> <!-- initDriver -->
        <test-method signature="doLogIn()[pri:0, instance:Tests.LoginTest@6b927fb]" started-at="2024-07-15T16:22:16 IST" name="doLogIn" finished-at="2024-07-15T16:22:20 IST" duration-ms="3293" status="PASS">
          <reporter-output>
          </reporter-output>
        </test-method> <!-- doLogIn -->
        <test-method is-config="true" signature="tearDown()[pri:0, instance:Tests.LoginTest@6b927fb]" started-at="2024-07-15T16:24:42 IST" name="tearDown" finished-at="2024-07-15T16:24:42 IST" duration-ms="103" status="PASS">
          <reporter-output>
          </reporter-output>
        </test-method> <!-- tearDown -->
      </class> <!-- Tests.LoginTest -->
    </test> <!-- Test -->
  </suite> <!-- Content Stack Test Cases -->
</testng-results>
